[0.682s] Invoking command in '/workspace/build/robot_controller': PYTHONPATH=/workspace/build/robot_controller/prefix_override:/usr/lib/python3/dist-packages/colcon_core/task/python/colcon_distutils_commands:/workspace/install/robot_controller/lib/python3.12/site-packages:${PYTHONPATH} /usr/bin/python3 -W ignore:setup.py install is deprecated -W ignore:easy_install command is deprecated setup.py develop --editable --build-directory /workspace/build/robot_controller/build --no-deps symlink_data --force
[0.861s] running develop
[0.952s] running egg_info
[0.960s] writing robot_controller.egg-info/PKG-INFO
[0.961s] writing dependency_links to robot_controller.egg-info/dependency_links.txt
[0.961s] writing entry points to robot_controller.egg-info/entry_points.txt
[0.962s] writing requirements to robot_controller.egg-info/requires.txt
[0.962s] writing top-level names to robot_controller.egg-info/top_level.txt
[0.982s] reading manifest file 'robot_controller.egg-info/SOURCES.txt'
[0.984s] writing manifest file 'robot_controller.egg-info/SOURCES.txt'
[0.994s] running build_ext
[0.994s] Creating /workspace/install/robot_controller/lib/python3.12/site-packages/robot-controller.egg-link (link to .)
[0.995s] Installing draw_circle script to /workspace/install/robot_controller/lib/robot_controller
[0.997s] Installing test_node script to /workspace/install/robot_controller/lib/robot_controller
[0.998s] 
[0.999s] Installed /workspace/build/robot_controller
[0.999s] running symlink_data
[0.999s] symbolically linking /workspace/build/robot_controller/resource/robot_controller -> /workspace/install/robot_controller/share/ament_index/resource_index/packages
[1.000s] symbolically linking /workspace/build/robot_controller/package.xml -> /workspace/install/robot_controller/share/robot_controller
[1.023s] Invoked command in '/workspace/build/robot_controller' returned '0': PYTHONPATH=/workspace/build/robot_controller/prefix_override:/usr/lib/python3/dist-packages/colcon_core/task/python/colcon_distutils_commands:/workspace/install/robot_controller/lib/python3.12/site-packages:${PYTHONPATH} /usr/bin/python3 -W ignore:setup.py install is deprecated -W ignore:easy_install command is deprecated setup.py develop --editable --build-directory /workspace/build/robot_controller/build --no-deps symlink_data --force
