running develop
Removing /workspace/install/robot_controller/lib/python3.12/site-packages/robot-controller.egg-link (link to .)
running egg_info
writing ../../build/robot_controller/robot_controller.egg-info/PKG-INFO
writing dependency_links to ../../build/robot_controller/robot_controller.egg-info/dependency_links.txt
writing entry points to ../../build/robot_controller/robot_controller.egg-info/entry_points.txt
writing requirements to ../../build/robot_controller/robot_controller.egg-info/requires.txt
writing top-level names to ../../build/robot_controller/robot_controller.egg-info/top_level.txt
reading manifest file '../../build/robot_controller/robot_controller.egg-info/SOURCES.txt'
writing manifest file '../../build/robot_controller/robot_controller.egg-info/SOURCES.txt'
running build
running build_py
copying robot_controller/first_node.py -> /workspace/build/robot_controller/build/lib/robot_controller
copying robot_controller/draw_circle.py -> /workspace/build/robot_controller/build/lib/robot_controller
running install
running install_lib
creating /workspace/install/robot_controller/lib/python3.12/site-packages/robot_controller
copying /workspace/build/robot_controller/build/lib/robot_controller/first_node.py -> /workspace/install/robot_controller/lib/python3.12/site-packages/robot_controller
copying /workspace/build/robot_controller/build/lib/robot_controller/__init__.py -> /workspace/install/robot_controller/lib/python3.12/site-packages/robot_controller
copying /workspace/build/robot_controller/build/lib/robot_controller/draw_circle.py -> /workspace/install/robot_controller/lib/python3.12/site-packages/robot_controller
byte-compiling /workspace/install/robot_controller/lib/python3.12/site-packages/robot_controller/first_node.py to first_node.cpython-312.pyc
byte-compiling /workspace/install/robot_controller/lib/python3.12/site-packages/robot_controller/__init__.py to __init__.cpython-312.pyc
byte-compiling /workspace/install/robot_controller/lib/python3.12/site-packages/robot_controller/draw_circle.py to draw_circle.cpython-312.pyc
running install_data
copying resource/robot_controller -> /workspace/install/robot_controller/share/ament_index/resource_index/packages
copying package.xml -> /workspace/install/robot_controller/share/robot_controller
running install_egg_info
Copying ../../build/robot_controller/robot_controller.egg-info to /workspace/install/robot_controller/lib/python3.12/site-packages/robot_controller-0.0.0-py3.12.egg-info
running install_scripts
Installing draw_circle script to /workspace/install/robot_controller/lib/robot_controller
Installing test_node script to /workspace/install/robot_controller/lib/robot_controller
writing list of installed files to '/workspace/build/robot_controller/install.log'
