[0.629s] Invoking command in '/workspace/build/robot_controller': PYTHONPATH=/workspace/build/robot_controller/prefix_override:/usr/lib/python3/dist-packages/colcon_core/task/python/colcon_distutils_commands:/workspace/install/robot_controller/lib/python3.12/site-packages:${PYTHONPATH} /usr/bin/python3 -W ignore:setup.py install is deprecated -W ignore:easy_install command is deprecated setup.py develop --uninstall --editable --build-directory /workspace/build/robot_controller/build
[0.812s] running develop
[0.919s] Removing /workspace/install/robot_controller/lib/python3.12/site-packages/robot-controller.egg-link (link to .)
[0.947s] Invoked command in '/workspace/build/robot_controller' returned '0': PYTHONPATH=/workspace/build/robot_controller/prefix_override:/usr/lib/python3/dist-packages/colcon_core/task/python/colcon_distutils_commands:/workspace/install/robot_controller/lib/python3.12/site-packages:${PYTHONPATH} /usr/bin/python3 -W ignore:setup.py install is deprecated -W ignore:easy_install command is deprecated setup.py develop --uninstall --editable --build-directory /workspace/build/robot_controller/build
[0.948s] Invoking command in '/workspace/src/robot_controller': PYTHONPATH=/workspace/build/robot_controller/prefix_override:/usr/lib/python3/dist-packages/colcon_core/task/python/colcon_distutils_commands:/workspace/install/robot_controller/lib/python3.12/site-packages:${PYTHONPATH} /usr/bin/python3 -W ignore:setup.py install is deprecated -W ignore:easy_install command is deprecated setup.py egg_info --egg-base ../../build/robot_controller build --build-base /workspace/build/robot_controller/build install --record /workspace/build/robot_controller/install.log --install-scripts $base/lib/robot_controller --single-version-externally-managed install_data --force
[1.099s] running egg_info
[1.107s] writing ../../build/robot_controller/robot_controller.egg-info/PKG-INFO
[1.108s] writing dependency_links to ../../build/robot_controller/robot_controller.egg-info/dependency_links.txt
[1.108s] writing entry points to ../../build/robot_controller/robot_controller.egg-info/entry_points.txt
[1.109s] writing requirements to ../../build/robot_controller/robot_controller.egg-info/requires.txt
[1.109s] writing top-level names to ../../build/robot_controller/robot_controller.egg-info/top_level.txt
[1.129s] reading manifest file '../../build/robot_controller/robot_controller.egg-info/SOURCES.txt'
[1.131s] writing manifest file '../../build/robot_controller/robot_controller.egg-info/SOURCES.txt'
[1.131s] running build
[1.131s] running build_py
[1.132s] copying robot_controller/first_node.py -> /workspace/build/robot_controller/build/lib/robot_controller
[1.133s] copying robot_controller/draw_circle.py -> /workspace/build/robot_controller/build/lib/robot_controller
[1.134s] running install
[1.139s] running install_lib
[1.147s] creating /workspace/install/robot_controller/lib/python3.12/site-packages/robot_controller
[1.148s] copying /workspace/build/robot_controller/build/lib/robot_controller/first_node.py -> /workspace/install/robot_controller/lib/python3.12/site-packages/robot_controller
[1.149s] copying /workspace/build/robot_controller/build/lib/robot_controller/__init__.py -> /workspace/install/robot_controller/lib/python3.12/site-packages/robot_controller
[1.150s] copying /workspace/build/robot_controller/build/lib/robot_controller/draw_circle.py -> /workspace/install/robot_controller/lib/python3.12/site-packages/robot_controller
[1.153s] byte-compiling /workspace/install/robot_controller/lib/python3.12/site-packages/robot_controller/first_node.py to first_node.cpython-312.pyc
[1.155s] byte-compiling /workspace/install/robot_controller/lib/python3.12/site-packages/robot_controller/__init__.py to __init__.cpython-312.pyc
[1.157s] byte-compiling /workspace/install/robot_controller/lib/python3.12/site-packages/robot_controller/draw_circle.py to draw_circle.cpython-312.pyc
[1.158s] running install_data
[1.159s] copying resource/robot_controller -> /workspace/install/robot_controller/share/ament_index/resource_index/packages
[1.160s] copying package.xml -> /workspace/install/robot_controller/share/robot_controller
[1.161s] running install_egg_info
[1.171s] Copying ../../build/robot_controller/robot_controller.egg-info to /workspace/install/robot_controller/lib/python3.12/site-packages/robot_controller-0.0.0-py3.12.egg-info
[1.182s] running install_scripts
[1.259s] Installing draw_circle script to /workspace/install/robot_controller/lib/robot_controller
[1.260s] Installing test_node script to /workspace/install/robot_controller/lib/robot_controller
[1.262s] writing list of installed files to '/workspace/build/robot_controller/install.log'
[1.289s] Invoked command in '/workspace/src/robot_controller' returned '0': PYTHONPATH=/workspace/build/robot_controller/prefix_override:/usr/lib/python3/dist-packages/colcon_core/task/python/colcon_distutils_commands:/workspace/install/robot_controller/lib/python3.12/site-packages:${PYTHONPATH} /usr/bin/python3 -W ignore:setup.py install is deprecated -W ignore:easy_install command is deprecated setup.py egg_info --egg-base ../../build/robot_controller build --build-base /workspace/build/robot_controller/build install --record /workspace/build/robot_controller/install.log --install-scripts $base/lib/robot_controller --single-version-externally-managed install_data --force
