[0.073s] DEBUG:colcon:Command line arguments: ['/usr/bin/colcon', 'build', '--symlink-install']
[0.073s] DEBUG:colcon:Parsed command line arguments: Namespace(log_base=None, log_level=None, verb_name='build', build_base='build', install_base='install', merge_install=False, symlink_install=True, test_result_base=None, continue_on_error=False, executor='parallel', parallel_workers=4, event_handlers=None, ignore_user_meta=False, metas=['./colcon.meta'], base_paths=['.'], packages_ignore=None, packages_ignore_regex=None, paths=None, packages_up_to=None, packages_up_to_regex=None, packages_above=None, packages_above_and_dependencies=None, packages_above_depth=None, packages_select_by_dep=None, packages_skip_by_dep=None, packages_skip_up_to=None, packages_select_build_failed=False, packages_skip_build_finished=False, packages_select_test_failures=False, packages_skip_test_passed=False, packages_select=None, packages_skip=None, packages_select_regex=None, packages_skip_regex=None, packages_start=None, packages_end=None, cmake_args=None, cmake_target=None, cmake_target_skip_unavailable=False, cmake_clean_cache=False, cmake_clean_first=False, cmake_force_configure=False, ament_cmake_args=None, catkin_cmake_args=None, catkin_skip_building_tests=False, mixin_files=None, mixin=None, verb_parser=<colcon_mixin.mixin.mixin_argument.MixinArgumentDecorator object at 0xffff86421310>, verb_extension=<colcon_core.verb.build.BuildVerb object at 0xffff864210a0>, main=<bound method BuildVerb.main of <colcon_core.verb.build.BuildVerb object at 0xffff864210a0>>, mixin_verb=('build',))
[0.101s] Level 1:colcon.colcon_core.package_discovery:discover_packages(colcon_meta) check parameters
[0.102s] INFO:colcon.colcon_metadata.package_discovery.colcon_meta:Using configuration from '/root/.colcon/metadata/default/Gazebo.meta'
[0.102s] INFO:colcon.colcon_metadata.package_discovery.colcon_meta:Using configuration from '/root/.colcon/metadata/default/fastdds.meta'
[0.103s] INFO:colcon.colcon_metadata.package_discovery.colcon_meta:Using configuration from '/root/.colcon/metadata/default/fastrtps.meta'
[0.103s] Level 1:colcon.colcon_core.package_discovery:discover_packages(recursive) check parameters
[0.103s] Level 1:colcon.colcon_core.package_discovery:discover_packages(ignore) check parameters
[0.103s] Level 1:colcon.colcon_core.package_discovery:discover_packages(path) check parameters
[0.103s] Level 1:colcon.colcon_core.package_discovery:discover_packages(colcon_meta) discover
[0.103s] Level 1:colcon.colcon_core.package_discovery:discover_packages(recursive) discover
[0.103s] INFO:colcon.colcon_core.package_discovery:Crawling recursively for packages in '/workspace'
[0.104s] Level 1:colcon.colcon_core.package_identification:_identify(.) by extensions ['ignore', 'ignore_ament_install']
[0.104s] Level 1:colcon.colcon_core.package_identification:_identify(.) by extension 'ignore'
[0.104s] Level 1:colcon.colcon_core.package_identification:_identify(.) by extension 'ignore_ament_install'
[0.104s] Level 1:colcon.colcon_core.package_identification:_identify(.) by extensions ['colcon_pkg']
[0.104s] Level 1:colcon.colcon_core.package_identification:_identify(.) by extension 'colcon_pkg'
[0.104s] Level 1:colcon.colcon_core.package_identification:_identify(.) by extensions ['colcon_meta']
[0.104s] Level 1:colcon.colcon_core.package_identification:_identify(.) by extension 'colcon_meta'
[0.104s] Level 1:colcon.colcon_core.package_identification:_identify(.) by extensions ['ros']
[0.104s] Level 1:colcon.colcon_core.package_identification:_identify(.) by extension 'ros'
[0.124s] Level 1:colcon.colcon_core.package_identification:_identify(.) by extensions ['cmake', 'python']
[0.124s] Level 1:colcon.colcon_core.package_identification:_identify(.) by extension 'cmake'
[0.124s] Level 1:colcon.colcon_core.package_identification:_identify(.) by extension 'python'
[0.124s] Level 1:colcon.colcon_core.package_identification:_identify(.) by extensions ['python_setup_py']
[0.124s] Level 1:colcon.colcon_core.package_identification:_identify(.) by extension 'python_setup_py'
[0.125s] Level 1:colcon.colcon_core.package_identification:_identify(build) by extensions ['ignore', 'ignore_ament_install']
[0.125s] Level 1:colcon.colcon_core.package_identification:_identify(build) by extension 'ignore'
[0.125s] Level 1:colcon.colcon_core.package_identification:_identify(build) ignored
[0.126s] Level 1:colcon.colcon_core.package_identification:_identify(install) by extensions ['ignore', 'ignore_ament_install']
[0.126s] Level 1:colcon.colcon_core.package_identification:_identify(install) by extension 'ignore'
[0.126s] Level 1:colcon.colcon_core.package_identification:_identify(install) ignored
[0.126s] Level 1:colcon.colcon_core.package_identification:_identify(log) by extensions ['ignore', 'ignore_ament_install']
[0.126s] Level 1:colcon.colcon_core.package_identification:_identify(log) by extension 'ignore'
[0.126s] Level 1:colcon.colcon_core.package_identification:_identify(log) ignored
[0.127s] Level 1:colcon.colcon_core.package_identification:_identify(src) by extensions ['ignore', 'ignore_ament_install']
[0.127s] Level 1:colcon.colcon_core.package_identification:_identify(src) by extension 'ignore'
[0.127s] Level 1:colcon.colcon_core.package_identification:_identify(src) by extension 'ignore_ament_install'
[0.127s] Level 1:colcon.colcon_core.package_identification:_identify(src) by extensions ['colcon_pkg']
[0.127s] Level 1:colcon.colcon_core.package_identification:_identify(src) by extension 'colcon_pkg'
[0.127s] Level 1:colcon.colcon_core.package_identification:_identify(src) by extensions ['colcon_meta']
[0.127s] Level 1:colcon.colcon_core.package_identification:_identify(src) by extension 'colcon_meta'
[0.127s] Level 1:colcon.colcon_core.package_identification:_identify(src) by extensions ['ros']
[0.128s] Level 1:colcon.colcon_core.package_identification:_identify(src) by extension 'ros'
[0.128s] Level 1:colcon.colcon_core.package_identification:_identify(src) by extensions ['cmake', 'python']
[0.128s] Level 1:colcon.colcon_core.package_identification:_identify(src) by extension 'cmake'
[0.128s] Level 1:colcon.colcon_core.package_identification:_identify(src) by extension 'python'
[0.128s] Level 1:colcon.colcon_core.package_identification:_identify(src) by extensions ['python_setup_py']
[0.128s] Level 1:colcon.colcon_core.package_identification:_identify(src) by extension 'python_setup_py'
[0.129s] Level 1:colcon.colcon_core.package_identification:_identify(src/robot_controller) by extensions ['ignore', 'ignore_ament_install']
[0.129s] Level 1:colcon.colcon_core.package_identification:_identify(src/robot_controller) by extension 'ignore'
[0.129s] Level 1:colcon.colcon_core.package_identification:_identify(src/robot_controller) by extension 'ignore_ament_install'
[0.129s] Level 1:colcon.colcon_core.package_identification:_identify(src/robot_controller) by extensions ['colcon_pkg']
[0.129s] Level 1:colcon.colcon_core.package_identification:_identify(src/robot_controller) by extension 'colcon_pkg'
[0.129s] Level 1:colcon.colcon_core.package_identification:_identify(src/robot_controller) by extensions ['colcon_meta']
[0.129s] Level 1:colcon.colcon_core.package_identification:_identify(src/robot_controller) by extension 'colcon_meta'
[0.129s] Level 1:colcon.colcon_core.package_identification:_identify(src/robot_controller) by extensions ['ros']
[0.129s] Level 1:colcon.colcon_core.package_identification:_identify(src/robot_controller) by extension 'ros'
[0.131s] DEBUG:colcon.colcon_core.package_identification:Package 'src/robot_controller' with type 'ros.ament_python' and name 'robot_controller'
[0.131s] Level 1:colcon.colcon_core.package_discovery:discover_packages(recursive) using defaults
[0.132s] Level 1:colcon.colcon_core.package_discovery:discover_packages(ignore) discover
[0.132s] Level 1:colcon.colcon_core.package_discovery:discover_packages(ignore) using defaults
[0.132s] Level 1:colcon.colcon_core.package_discovery:discover_packages(path) discover
[0.132s] Level 1:colcon.colcon_core.package_discovery:discover_packages(path) using defaults
[0.144s] Level 5:colcon.colcon_core.verb:set package 'robot_controller' build argument 'cmake_args' from command line to 'None'
[0.144s] Level 5:colcon.colcon_core.verb:set package 'robot_controller' build argument 'cmake_target' from command line to 'None'
[0.144s] Level 5:colcon.colcon_core.verb:set package 'robot_controller' build argument 'cmake_target_skip_unavailable' from command line to 'False'
[0.144s] Level 5:colcon.colcon_core.verb:set package 'robot_controller' build argument 'cmake_clean_cache' from command line to 'False'
[0.144s] Level 5:colcon.colcon_core.verb:set package 'robot_controller' build argument 'cmake_clean_first' from command line to 'False'
[0.144s] Level 5:colcon.colcon_core.verb:set package 'robot_controller' build argument 'cmake_force_configure' from command line to 'False'
[0.144s] Level 5:colcon.colcon_core.verb:set package 'robot_controller' build argument 'ament_cmake_args' from command line to 'None'
[0.145s] Level 5:colcon.colcon_core.verb:set package 'robot_controller' build argument 'catkin_cmake_args' from command line to 'None'
[0.145s] Level 5:colcon.colcon_core.verb:set package 'robot_controller' build argument 'catkin_skip_building_tests' from command line to 'False'
[0.145s] DEBUG:colcon.colcon_core.verb:Building package 'robot_controller' with the following arguments: {'ament_cmake_args': None, 'build_base': '/workspace/build/robot_controller', 'catkin_cmake_args': None, 'catkin_skip_building_tests': False, 'cmake_args': None, 'cmake_clean_cache': False, 'cmake_clean_first': False, 'cmake_force_configure': False, 'cmake_target': None, 'cmake_target_skip_unavailable': False, 'install_base': '/workspace/install/robot_controller', 'merge_install': False, 'path': '/workspace/src/robot_controller', 'symlink_install': True, 'test_result_base': None}
[0.145s] INFO:colcon.colcon_core.executor:Executing jobs using 'parallel' executor
[0.145s] DEBUG:colcon.colcon_parallel_executor.executor.parallel:run_until_complete
[0.146s] INFO:colcon.colcon_ros.task.ament_python.build:Building ROS package in '/workspace/src/robot_controller' with build type 'ament_python'
[0.146s] Level 1:colcon.colcon_core.shell:create_environment_hook('robot_controller', 'ament_prefix_path')
[0.147s] INFO:colcon.colcon_core.plugin_system:Skipping extension 'colcon_core.shell.bat': Not used on non-Windows systems
[0.148s] INFO:colcon.colcon_core.shell:Creating environment hook '/workspace/install/robot_controller/share/robot_controller/hook/ament_prefix_path.ps1'
[0.149s] INFO:colcon.colcon_core.shell:Creating environment descriptor '/workspace/install/robot_controller/share/robot_controller/hook/ament_prefix_path.dsv'
[0.149s] INFO:colcon.colcon_core.shell:Creating environment hook '/workspace/install/robot_controller/share/robot_controller/hook/ament_prefix_path.sh'
[0.150s] INFO:colcon.colcon_core.shell:Skip shell extension 'powershell' for command environment: Not usable outside of PowerShell
[0.150s] DEBUG:colcon.colcon_core.shell:Skip shell extension 'dsv' for command environment
[0.286s] INFO:colcon.colcon_core.task.python.build:Building Python package in '/workspace/src/robot_controller'
[0.286s] INFO:colcon.colcon_core.shell:Skip shell extension 'powershell' for command environment: Not usable outside of PowerShell
[0.286s] DEBUG:colcon.colcon_core.shell:Skip shell extension 'dsv' for command environment
[0.603s] DEBUG:colcon.colcon_core.task.python.build:Available setuptools commands: install, check, dist_info, bdist_egg, install_data, register, bdist_wheel, sdist, setopt, build_ext, upload_docs, build, install_egg_info, egg_info, develop, symlink_data, install_lib, clean, build_scripts, bdist, easy_install, install_headers, test, build_py, bdist_dumb, editable_wheel, alias, rotate, upload, install_scripts, build_clib, saveopts, bdist_rpm
[1.023s] DEBUG:colcon.colcon_core.task.python.build:Available setuptools 'develop' options: --help, --index-url, --verbose, --site-dirs, --quiet, --allow-hosts, --record, --user, --build-directory, --install-dir, --no-deps, --egg-path, --version, --install-layout, --upgrade, --prefix, --editable, --always-unzip, --optimize, --multi-version, --dry-run, --always-copy, --exclude-scripts, --uninstall, --no-find-links, --find-links, --no-user-cfg, --force-installation-into-system-dir, --zip-ok, --local-snapshots-ok, --script-dir
[1.025s] DEBUG:colcon.colcon_core.task.python.build:While undoing a previous installation files outside the Python library path are being ignored: /workspace/install/robot_controller/share/ament_index/resource_index/packages/robot_controller
[1.025s] DEBUG:colcon.colcon_core.task.python.build:While undoing a previous installation files outside the Python library path are being ignored: /workspace/install/robot_controller/share/robot_controller/package.xml
[1.028s] DEBUG:colcon.colcon_core.task.python.build:While undoing a previous installation files outside the Python library path are being ignored: /workspace/install/robot_controller/lib/robot_controller/test_node
[1.042s] DEBUG:colcon.colcon_core.event_handler.log_command:Invoking command in '/workspace/build/robot_controller': PYTHONPATH=/workspace/build/robot_controller/prefix_override:/usr/lib/python3/dist-packages/colcon_core/task/python/colcon_distutils_commands:/workspace/install/robot_controller/lib/python3.12/site-packages:${PYTHONPATH} /usr/bin/python3 -W ignore:setup.py install is deprecated -W ignore:easy_install command is deprecated setup.py develop --editable --build-directory /workspace/build/robot_controller/build --no-deps symlink_data --force
[1.759s] Level 1:colcon.colcon_core.shell:create_environment_hook('robot_controller', 'pythonpath_develop')
[1.759s] INFO:colcon.colcon_core.shell:Creating environment hook '/workspace/build/robot_controller/share/robot_controller/hook/pythonpath_develop.ps1'
[1.760s] DEBUG:colcon.colcon_core.event_handler.log_command:Invoked command in '/workspace/build/robot_controller' returned '0': PYTHONPATH=/workspace/build/robot_controller/prefix_override:/usr/lib/python3/dist-packages/colcon_core/task/python/colcon_distutils_commands:/workspace/install/robot_controller/lib/python3.12/site-packages:${PYTHONPATH} /usr/bin/python3 -W ignore:setup.py install is deprecated -W ignore:easy_install command is deprecated setup.py develop --editable --build-directory /workspace/build/robot_controller/build --no-deps symlink_data --force
[1.762s] INFO:colcon.colcon_core.shell:Creating environment descriptor '/workspace/build/robot_controller/share/robot_controller/hook/pythonpath_develop.dsv'
[1.766s] INFO:colcon.colcon_core.shell:Creating environment hook '/workspace/build/robot_controller/share/robot_controller/hook/pythonpath_develop.sh'
[1.772s] Level 1:colcon.colcon_core.environment:checking '/workspace/install/robot_controller' for CMake module files
[1.790s] Level 1:colcon.colcon_core.environment:checking '/workspace/install/robot_controller' for CMake config files
[1.798s] Level 1:colcon.colcon_core.environment:checking '/workspace/install/robot_controller/lib'
[1.799s] Level 1:colcon.colcon_core.environment:checking '/workspace/install/robot_controller/bin'
[1.800s] Level 1:colcon.colcon_core.environment:checking '/workspace/install/robot_controller/lib/pkgconfig/robot_controller.pc'
[1.801s] Level 1:colcon.colcon_core.environment:checking '/workspace/install/robot_controller/lib/python3.12/site-packages'
[1.801s] Level 1:colcon.colcon_core.shell:create_environment_hook('robot_controller', 'pythonpath')
[1.801s] INFO:colcon.colcon_core.shell:Creating environment hook '/workspace/install/robot_controller/share/robot_controller/hook/pythonpath.ps1'
[1.804s] INFO:colcon.colcon_core.shell:Creating environment descriptor '/workspace/install/robot_controller/share/robot_controller/hook/pythonpath.dsv'
[1.805s] INFO:colcon.colcon_core.shell:Creating environment hook '/workspace/install/robot_controller/share/robot_controller/hook/pythonpath.sh'
[1.809s] Level 1:colcon.colcon_core.environment:checking '/workspace/install/robot_controller/bin'
[1.809s] Level 1:colcon.colcon_core.environment:create_environment_scripts_only(robot_controller)
[1.810s] INFO:colcon.colcon_core.shell:Creating package script '/workspace/install/robot_controller/share/robot_controller/package.ps1'
[1.814s] INFO:colcon.colcon_core.shell:Creating package descriptor '/workspace/install/robot_controller/share/robot_controller/package.dsv'
[1.819s] INFO:colcon.colcon_core.shell:Creating package script '/workspace/install/robot_controller/share/robot_controller/package.sh'
[1.821s] INFO:colcon.colcon_core.shell:Creating package script '/workspace/install/robot_controller/share/robot_controller/package.bash'
[1.823s] INFO:colcon.colcon_core.shell:Creating package script '/workspace/install/robot_controller/share/robot_controller/package.zsh'
[1.826s] Level 1:colcon.colcon_core.environment:create_file_with_runtime_dependencies(/workspace/install/robot_controller/share/colcon-core/packages/robot_controller)
[1.829s] DEBUG:colcon.colcon_parallel_executor.executor.parallel:closing loop
[1.830s] DEBUG:colcon.colcon_parallel_executor.executor.parallel:loop closed
[1.831s] DEBUG:colcon.colcon_parallel_executor.executor.parallel:run_until_complete finished with '0'
[1.831s] DEBUG:colcon.colcon_core.event_reactor:joining thread
[1.853s] INFO:colcon.colcon_core.plugin_system:Skipping extension 'colcon_notification.desktop_notification.notify_send': Could not find 'notify-send'
[1.853s] INFO:colcon.colcon_core.plugin_system:Skipping extension 'colcon_notification.desktop_notification.terminal_notifier': Not used on non-Darwin systems
[1.853s] INFO:colcon.colcon_core.plugin_system:Skipping extension 'colcon_notification.desktop_notification.win32': Not used on non-Windows systems
[1.854s] INFO:colcon.colcon_notification.desktop_notification:Sending desktop notification using 'notify2'
[1.859s] DEBUG:colcon.colcon_notification.desktop_notification.notify2:Failed to initialize notify2: org.freedesktop.DBus.Error.Spawn.ExecFailed: /usr/bin/dbus-launch terminated abnormally without any error message
[1.860s] DEBUG:colcon.colcon_core.event_reactor:joined thread
[1.861s] INFO:colcon.colcon_core.shell:Creating prefix script '/workspace/install/local_setup.ps1'
[1.864s] INFO:colcon.colcon_core.shell:Creating prefix util module '/workspace/install/_local_setup_util_ps1.py'
[1.869s] INFO:colcon.colcon_core.shell:Creating prefix chain script '/workspace/install/setup.ps1'
[1.874s] INFO:colcon.colcon_core.shell:Creating prefix script '/workspace/install/local_setup.sh'
[1.878s] INFO:colcon.colcon_core.shell:Creating prefix util module '/workspace/install/_local_setup_util_sh.py'
[1.880s] INFO:colcon.colcon_core.shell:Creating prefix chain script '/workspace/install/setup.sh'
[1.885s] INFO:colcon.colcon_core.shell:Creating prefix script '/workspace/install/local_setup.bash'
[1.888s] INFO:colcon.colcon_core.shell:Creating prefix chain script '/workspace/install/setup.bash'
[1.900s] INFO:colcon.colcon_core.shell:Creating prefix script '/workspace/install/local_setup.zsh'
[1.903s] INFO:colcon.colcon_core.shell:Creating prefix chain script '/workspace/install/setup.zsh'
