[0.536s] Invoking command in '/workspace/src/robot_controller': PYTHONPATH=/workspace/build/robot_controller/prefix_override:/usr/lib/python3/dist-packages/colcon_core/task/python/colcon_distutils_commands:/workspace/install/robot_controller/lib/python3.12/site-packages:${PYTHONPATH} /usr/bin/python3 -W ignore:setup.py install is deprecated -W ignore:easy_install command is deprecated setup.py egg_info --egg-base ../../build/robot_controller build --build-base /workspace/build/robot_controller/build install --record /workspace/build/robot_controller/install.log --install-scripts $base/lib/robot_controller --single-version-externally-managed install_data
[0.861s] running egg_info
[0.865s] creating ../../build/robot_controller/robot_controller.egg-info
[0.881s] writing ../../build/robot_controller/robot_controller.egg-info/PKG-INFO
[0.883s] writing dependency_links to ../../build/robot_controller/robot_controller.egg-info/dependency_links.txt
[0.884s] writing requirements to ../../build/robot_controller/robot_controller.egg-info/requires.txt
[0.885s] writing top-level names to ../../build/robot_controller/robot_controller.egg-info/top_level.txt
[0.886s] writing manifest file '../../build/robot_controller/robot_controller.egg-info/SOURCES.txt'
[0.919s] reading manifest file '../../build/robot_controller/robot_controller.egg-info/SOURCES.txt'
[0.922s] writing manifest file '../../build/robot_controller/robot_controller.egg-info/SOURCES.txt'
[0.923s] running build
[0.924s] running build_py
[0.927s] creating /workspace/build/robot_controller/build
[0.929s] creating /workspace/build/robot_controller/build/lib
[0.931s] creating /workspace/build/robot_controller/build/lib/robot_controller
[0.933s] copying robot_controller/__init__.py -> /workspace/build/robot_controller/build/lib/robot_controller
[0.933s] running install
[0.940s] running install_lib
[0.952s] creating /workspace/install/robot_controller/lib/python3.12/site-packages/robot_controller
[0.953s] copying /workspace/build/robot_controller/build/lib/robot_controller/__init__.py -> /workspace/install/robot_controller/lib/python3.12/site-packages/robot_controller
[0.955s] byte-compiling /workspace/install/robot_controller/lib/python3.12/site-packages/robot_controller/__init__.py to __init__.cpython-312.pyc
[0.957s] running install_data
[0.958s] creating /workspace/install/robot_controller/share/ament_index
[0.958s] creating /workspace/install/robot_controller/share/ament_index/resource_index
[0.959s] creating /workspace/install/robot_controller/share/ament_index/resource_index/packages
[0.960s] copying resource/robot_controller -> /workspace/install/robot_controller/share/ament_index/resource_index/packages
[0.961s] copying package.xml -> /workspace/install/robot_controller/share/robot_controller
[0.962s] running install_egg_info
[0.975s] Copying ../../build/robot_controller/robot_controller.egg-info to /workspace/install/robot_controller/lib/python3.12/site-packages/robot_controller-0.0.0-py3.12.egg-info
[0.983s] running install_scripts
[1.051s] writing list of installed files to '/workspace/build/robot_controller/install.log'
[1.072s] Invoked command in '/workspace/src/robot_controller' returned '0': PYTHONPATH=/workspace/build/robot_controller/prefix_override:/usr/lib/python3/dist-packages/colcon_core/task/python/colcon_distutils_commands:/workspace/install/robot_controller/lib/python3.12/site-packages:${PYTHONPATH} /usr/bin/python3 -W ignore:setup.py install is deprecated -W ignore:easy_install command is deprecated setup.py egg_info --egg-base ../../build/robot_controller build --build-base /workspace/build/robot_controller/build install --record /workspace/build/robot_controller/install.log --install-scripts $base/lib/robot_controller --single-version-externally-managed install_data
